{"C:\\Users\\LukasMeier\\Projects\\TypeScript\\fhnw_math_class\\src\\Math\\line.ts": {"path":"C:\\Users\\LukasMeier\\Projects\\TypeScript\\fhnw_math_class\\src\\Math\\line.ts","statementMap":{"0":{"start":{"line":1,"column":0},"end":{"line":1,"column":28}},"1":{"start":{"line":2,"column":0},"end":{"line":2,"column":32}},"2":{"start":{"line":9,"column":4},"end":{"line":9,"column":29}},"3":{"start":{"line":10,"column":4},"end":{"line":10,"column":31}},"4":{"start":{"line":20,"column":29},"end":{"line":20,"column":31}},"5":{"start":{"line":21,"column":4},"end":{"line":23,"column":7}},"6":{"start":{"line":22,"column":6},"end":{"line":22,"column":40}},"7":{"start":{"line":24,"column":4},"end":{"line":24,"column":19}},"8":{"start":{"line":34,"column":22},"end":{"line":34,"column":24}},"9":{"start":{"line":35,"column":4},"end":{"line":35,"column":58}},"10":{"start":{"line":36,"column":4},"end":{"line":36,"column":58}},"11":{"start":{"line":37,"column":4},"end":{"line":37,"column":58}},"12":{"start":{"line":38,"column":4},"end":{"line":38,"column":42}},"13":{"start":{"line":47,"column":24},"end":{"line":47,"column":71}},"14":{"start":{"line":49,"column":6},"end":{"line":50,"column":35}},"15":{"start":{"line":51,"column":4},"end":{"line":51,"column":20}},"16":{"start":{"line":60,"column":30},"end":{"line":62,"column":null}},"17":{"start":{"line":64,"column":21},"end":{"line":64,"column":45}},"18":{"start":{"line":65,"column":20},"end":{"line":65,"column":46}},"19":{"start":{"line":66,"column":4},"end":{"line":66,"column":31}},"20":{"start":{"line":74,"column":4},"end":{"line":74,"column":73}},"21":{"start":{"line":78,"column":0},"end":{"line":78,"column":20}}},"fnMap":{"0":{"name":"(anonymous_1)","decl":{"start":{"line":8,"column":2},"end":{"line":8,"column":14}},"loc":{"start":{"line":8,"column":51},"end":{"line":11,"column":3}}},"1":{"name":"(anonymous_2)","decl":{"start":{"line":19,"column":2},"end":{"line":19,"column":15}},"loc":{"start":{"line":19,"column":31},"end":{"line":25,"column":3}}},"2":{"name":"(anonymous_3)","decl":{"start":{"line":21,"column":19},"end":{"line":21,"column":20}},"loc":{"start":{"line":21,"column":28},"end":{"line":23,"column":5}}},"3":{"name":"(anonymous_4)","decl":{"start":{"line":33,"column":2},"end":{"line":33,"column":14}},"loc":{"start":{"line":33,"column":27},"end":{"line":39,"column":3}}},"4":{"name":"(anonymous_5)","decl":{"start":{"line":46,"column":2},"end":{"line":46,"column":20}},"loc":{"start":{"line":46,"column":33},"end":{"line":52,"column":3}}},"5":{"name":"(anonymous_6)","decl":{"start":{"line":59,"column":2},"end":{"line":59,"column":8}},"loc":{"start":{"line":59,"column":20},"end":{"line":67,"column":3}}},"6":{"name":"(anonymous_7)","decl":{"start":{"line":73,"column":2},"end":{"line":73,"column":10}},"loc":{"start":{"line":73,"column":10},"end":{"line":75,"column":3}}}},"branchMap":{"0":{"loc":{"start":{"line":38,"column":11},"end":{"line":38,"column":24}},"type":"binary-expr","locations":[{"start":{"line":38,"column":11},"end":{"line":38,"column":24}},{"start":{"line":38,"column":28},"end":{"line":38,"column":41}}]},"1":{"loc":{"start":{"line":66,"column":11},"end":{"line":66,"column":19}},"type":"binary-expr","locations":[{"start":{"line":66,"column":11},"end":{"line":66,"column":19}},{"start":{"line":66,"column":23},"end":{"line":66,"column":30}}]}},"s":{"0":2,"1":2,"2":5,"3":5,"4":2,"5":2,"6":3,"7":2,"8":3,"9":3,"10":3,"11":3,"12":3,"13":1,"14":1,"15":1,"16":1,"17":1,"18":1,"19":1,"20":1,"21":2},"f":{"0":5,"1":2,"2":3,"3":3,"4":1,"5":1,"6":1},"b":{"0":[3,2],"1":[1,1]}}
,"C:\\Users\\LukasMeier\\Projects\\TypeScript\\fhnw_math_class\\src\\Math\\plane.ts": {"path":"C:\\Users\\LukasMeier\\Projects\\TypeScript\\fhnw_math_class\\src\\Math\\plane.ts","statementMap":{"0":{"start":{"line":1,"column":0},"end":{"line":1,"column":28}},"1":{"start":{"line":2,"column":0},"end":{"line":2,"column":32}},"2":{"start":{"line":9,"column":4},"end":{"line":13,"column":null}},"3":{"start":{"line":10,"column":6},"end":{"line":12,"column":8}},"4":{"start":{"line":14,"column":4},"end":{"line":14,"column":29}},"5":{"start":{"line":15,"column":4},"end":{"line":15,"column":33}},"6":{"start":{"line":16,"column":4},"end":{"line":16,"column":33}},"7":{"start":{"line":27,"column":12},"end":{"line":27,"column":75}},"8":{"start":{"line":28,"column":12},"end":{"line":28,"column":75}},"9":{"start":{"line":29,"column":12},"end":{"line":29,"column":75}},"10":{"start":{"line":30,"column":4},"end":{"line":30,"column":30}},"11":{"start":{"line":34,"column":0},"end":{"line":34,"column":21}}},"fnMap":{"0":{"name":"(anonymous_1)","decl":{"start":{"line":8,"column":2},"end":{"line":8,"column":14}},"loc":{"start":{"line":8,"column":73},"end":{"line":17,"column":3}}},"1":{"name":"(anonymous_2)","decl":{"start":{"line":26,"column":2},"end":{"line":26,"column":10}},"loc":{"start":{"line":26,"column":31},"end":{"line":31,"column":3}}}},"branchMap":{"0":{"loc":{"start":{"line":9,"column":4},"end":{"line":13,"column":null}},"type":"if","locations":[{"start":{"line":9,"column":4},"end":{"line":13,"column":null}},{"start":{"line":9,"column":4},"end":{"line":13,"column":null}}]}},"s":{"0":1,"1":1,"2":2,"3":1,"4":1,"5":1,"6":1,"7":2,"8":2,"9":2,"10":2,"11":1},"f":{"0":2,"1":2},"b":{"0":[1,1]}}
,"C:\\Users\\LukasMeier\\Projects\\TypeScript\\fhnw_math_class\\src\\Math\\point.ts": {"path":"C:\\Users\\LukasMeier\\Projects\\TypeScript\\fhnw_math_class\\src\\Math\\point.ts","statementMap":{"0":{"start":{"line":1,"column":0},"end":{"line":1,"column":32}},"1":{"start":{"line":16,"column":4},"end":{"line":16,"column":37}},"2":{"start":{"line":17,"column":4},"end":{"line":17,"column":37}},"3":{"start":{"line":18,"column":4},"end":{"line":18,"column":37}},"4":{"start":{"line":28,"column":12},"end":{"line":28,"column":23}},"5":{"start":{"line":29,"column":12},"end":{"line":29,"column":23}},"6":{"start":{"line":30,"column":12},"end":{"line":30,"column":23}},"7":{"start":{"line":31,"column":4},"end":{"line":31,"column":32}},"8":{"start":{"line":40,"column":4},"end":{"line":40,"column":47}},"9":{"start":{"line":48,"column":4},"end":{"line":48,"column":36}},"10":{"start":{"line":56,"column":4},"end":{"line":56,"column":45}},"11":{"start":{"line":60,"column":0},"end":{"line":60,"column":21}}},"fnMap":{"0":{"name":"(anonymous_1)","decl":{"start":{"line":15,"column":2},"end":{"line":15,"column":14}},"loc":{"start":{"line":15,"column":48},"end":{"line":19,"column":3}}},"1":{"name":"(anonymous_2)","decl":{"start":{"line":27,"column":2},"end":{"line":27,"column":8}},"loc":{"start":{"line":27,"column":39},"end":{"line":32,"column":3}}},"2":{"name":"(anonymous_3)","decl":{"start":{"line":39,"column":2},"end":{"line":39,"column":18}},"loc":{"start":{"line":39,"column":18},"end":{"line":41,"column":3}}},"3":{"name":"(anonymous_4)","decl":{"start":{"line":47,"column":2},"end":{"line":47,"column":11}},"loc":{"start":{"line":47,"column":11},"end":{"line":49,"column":3}}},"4":{"name":"(anonymous_5)","decl":{"start":{"line":55,"column":2},"end":{"line":55,"column":10}},"loc":{"start":{"line":55,"column":10},"end":{"line":57,"column":3}}}},"branchMap":{"0":{"loc":{"start":{"line":16,"column":31},"end":{"line":16,"column":32}},"type":"cond-expr","locations":[{"start":{"line":16,"column":31},"end":{"line":16,"column":32}},{"start":{"line":16,"column":35},"end":{"line":16,"column":36}}]},"1":{"loc":{"start":{"line":17,"column":31},"end":{"line":17,"column":32}},"type":"cond-expr","locations":[{"start":{"line":17,"column":31},"end":{"line":17,"column":32}},{"start":{"line":17,"column":35},"end":{"line":17,"column":36}}]},"2":{"loc":{"start":{"line":18,"column":31},"end":{"line":18,"column":32}},"type":"cond-expr","locations":[{"start":{"line":18,"column":31},"end":{"line":18,"column":32}},{"start":{"line":18,"column":35},"end":{"line":18,"column":36}}]}},"s":{"0":5,"1":16,"2":16,"3":16,"4":4,"5":4,"6":4,"7":4,"8":1,"9":3,"10":1,"11":5},"f":{"0":16,"1":4,"2":1,"3":3,"4":1},"b":{"0":[15,1],"1":[15,1],"2":[12,4]}}
,"C:\\Users\\LukasMeier\\Projects\\TypeScript\\fhnw_math_class\\src\\Math\\vector3.ts": {"path":"C:\\Users\\LukasMeier\\Projects\\TypeScript\\fhnw_math_class\\src\\Math\\vector3.ts","statementMap":{"0":{"start":{"line":1,"column":0},"end":{"line":1,"column":28}},"1":{"start":{"line":15,"column":4},"end":{"line":15,"column":15}},"2":{"start":{"line":16,"column":4},"end":{"line":16,"column":15}},"3":{"start":{"line":17,"column":4},"end":{"line":17,"column":15}},"4":{"start":{"line":26,"column":4},"end":{"line":26,"column":38}},"5":{"start":{"line":37,"column":12},"end":{"line":37,"column":37}},"6":{"start":{"line":38,"column":12},"end":{"line":38,"column":37}},"7":{"start":{"line":39,"column":12},"end":{"line":39,"column":37}},"8":{"start":{"line":40,"column":4},"end":{"line":40,"column":32}},"9":{"start":{"line":51,"column":4},"end":{"line":51,"column":51}},"10":{"start":{"line":63,"column":18},"end":{"line":63,"column":39}},"11":{"start":{"line":64,"column":16},"end":{"line":64,"column":38}},"12":{"start":{"line":65,"column":4},"end":{"line":65,"column":15}},"13":{"start":{"line":75,"column":17},"end":{"line":75,"column":33}},"14":{"start":{"line":76,"column":19},"end":{"line":76,"column":39}},"15":{"start":{"line":77,"column":4},"end":{"line":77,"column":26}},"16":{"start":{"line":78,"column":4},"end":{"line":78,"column":16}},"17":{"start":{"line":88,"column":12},"end":{"line":88,"column":23}},"18":{"start":{"line":89,"column":12},"end":{"line":89,"column":23}},"19":{"start":{"line":90,"column":12},"end":{"line":90,"column":23}},"20":{"start":{"line":91,"column":4},"end":{"line":91,"column":32}},"21":{"start":{"line":102,"column":19},"end":{"line":102,"column":30}},"22":{"start":{"line":103,"column":4},"end":{"line":103,"column":60}},"23":{"start":{"line":113,"column":4},"end":{"line":113,"column":24}},"24":{"start":{"line":114,"column":4},"end":{"line":114,"column":24}},"25":{"start":{"line":115,"column":4},"end":{"line":115,"column":24}},"26":{"start":{"line":116,"column":4},"end":{"line":116,"column":16}},"27":{"start":{"line":124,"column":4},"end":{"line":126,"column":6}},"28":{"start":{"line":134,"column":4},"end":{"line":134,"column":36}},"29":{"start":{"line":142,"column":4},"end":{"line":142,"column":45}},"30":{"start":{"line":150,"column":4},"end":{"line":150,"column":45}},"31":{"start":{"line":154,"column":0},"end":{"line":154,"column":23}}},"fnMap":{"0":{"name":"(anonymous_1)","decl":{"start":{"line":14,"column":2},"end":{"line":14,"column":14}},"loc":{"start":{"line":14,"column":45},"end":{"line":18,"column":3}}},"1":{"name":"(anonymous_2)","decl":{"start":{"line":25,"column":2},"end":{"line":25,"column":8}},"loc":{"start":{"line":25,"column":25},"end":{"line":27,"column":3}}},"2":{"name":"(anonymous_3)","decl":{"start":{"line":36,"column":2},"end":{"line":36,"column":8}},"loc":{"start":{"line":36,"column":39},"end":{"line":41,"column":3}}},"3":{"name":"(anonymous_4)","decl":{"start":{"line":50,"column":2},"end":{"line":50,"column":8}},"loc":{"start":{"line":50,"column":37},"end":{"line":52,"column":3}}},"4":{"name":"(anonymous_5)","decl":{"start":{"line":62,"column":2},"end":{"line":62,"column":8}},"loc":{"start":{"line":62,"column":60},"end":{"line":66,"column":3}}},"5":{"name":"(anonymous_6)","decl":{"start":{"line":74,"column":2},"end":{"line":74,"column":8}},"loc":{"start":{"line":74,"column":29},"end":{"line":79,"column":3}}},"6":{"name":"(anonymous_7)","decl":{"start":{"line":87,"column":2},"end":{"line":87,"column":8}},"loc":{"start":{"line":87,"column":37},"end":{"line":92,"column":3}}},"7":{"name":"(anonymous_8)","decl":{"start":{"line":101,"column":2},"end":{"line":101,"column":8}},"loc":{"start":{"line":101,"column":45},"end":{"line":104,"column":3}}},"8":{"name":"(anonymous_9)","decl":{"start":{"line":112,"column":2},"end":{"line":112,"column":10}},"loc":{"start":{"line":112,"column":20},"end":{"line":117,"column":3}}},"9":{"name":"(anonymous_10)","decl":{"start":{"line":123,"column":2},"end":{"line":123,"column":14}},"loc":{"start":{"line":123,"column":14},"end":{"line":127,"column":3}}},"10":{"name":"(anonymous_11)","decl":{"start":{"line":133,"column":2},"end":{"line":133,"column":11}},"loc":{"start":{"line":133,"column":11},"end":{"line":135,"column":3}}},"11":{"name":"(anonymous_12)","decl":{"start":{"line":141,"column":2},"end":{"line":141,"column":9}},"loc":{"start":{"line":141,"column":9},"end":{"line":143,"column":3}}},"12":{"name":"(anonymous_13)","decl":{"start":{"line":149,"column":2},"end":{"line":149,"column":10}},"loc":{"start":{"line":149,"column":10},"end":{"line":151,"column":3}}}},"branchMap":{"0":{"loc":{"start":{"line":103,"column":11},"end":{"line":103,"column":33}},"type":"binary-expr","locations":[{"start":{"line":103,"column":11},"end":{"line":103,"column":33}},{"start":{"line":103,"column":37},"end":{"line":103,"column":59}}]}},"s":{"0":5,"1":44,"2":44,"3":44,"4":1,"5":4,"6":4,"7":4,"8":4,"9":2,"10":1,"11":1,"12":1,"13":1,"14":1,"15":1,"16":1,"17":1,"18":1,"19":1,"20":1,"21":4,"22":4,"23":2,"24":2,"25":2,"26":2,"27":6,"28":6,"29":3,"30":3,"31":5},"f":{"0":44,"1":1,"2":4,"3":2,"4":1,"5":1,"6":1,"7":4,"8":2,"9":6,"10":6,"11":3,"12":3},"b":{"0":[4,3]}}
}
