TN:
SF:src\Math\line.ts
FN:8,(anonymous_1)
FN:19,(anonymous_2)
FN:21,(anonymous_3)
FN:33,(anonymous_4)
FN:46,(anonymous_5)
FNF:5
FNH:5
FNDA:3,(anonymous_1)
FNDA:2,(anonymous_2)
FNDA:3,(anonymous_3)
FNDA:3,(anonymous_4)
FNDA:1,(anonymous_5)
DA:2,1
DA:9,3
DA:10,3
DA:20,2
DA:21,2
DA:22,3
DA:24,2
DA:34,3
DA:35,3
DA:36,3
DA:37,3
DA:38,3
DA:47,1
DA:51,1
DA:52,1
DA:53,1
DA:57,1
LF:17
LH:17
BRDA:38,0,0,3
BRDA:38,0,1,2
BRDA:53,1,0,1
BRDA:53,1,1,1
BRF:4
BRH:4
end_of_record
TN:
SF:src\Math\plane.ts
FN:8,(anonymous_1)
FN:21,(anonymous_2)
FNF:2
FNH:2
FNDA:1,(anonymous_1)
FNDA:2,(anonymous_2)
DA:1,1
DA:9,1
DA:10,1
DA:11,1
DA:22,2
DA:23,2
DA:24,2
DA:25,2
DA:29,1
LF:9
LH:9
BRF:0
BRH:0
end_of_record
TN:
SF:src\Math\point.ts
FN:15,(anonymous_1)
FN:27,(anonymous_2)
FN:39,(anonymous_3)
FN:47,(anonymous_4)
FNF:4
FNH:4
FNDA:13,(anonymous_1)
FNDA:3,(anonymous_2)
FNDA:1,(anonymous_3)
FNDA:3,(anonymous_4)
DA:1,5
DA:16,13
DA:17,13
DA:18,13
DA:28,3
DA:29,3
DA:30,3
DA:31,3
DA:40,1
DA:48,3
DA:52,5
LF:11
LH:11
BRDA:16,0,0,12
BRDA:16,0,1,1
BRDA:17,1,0,12
BRDA:17,1,1,1
BRDA:18,2,0,9
BRDA:18,2,1,4
BRF:6
BRH:6
end_of_record
TN:
SF:src\Math\vector3.ts
FN:14,(anonymous_1)
FN:25,(anonymous_2)
FN:36,(anonymous_3)
FN:50,(anonymous_4)
FN:62,(anonymous_5)
FN:74,(anonymous_6)
FN:87,(anonymous_7)
FN:101,(anonymous_8)
FN:112,(anonymous_9)
FN:123,(anonymous_10)
FN:133,(anonymous_11)
FN:141,(anonymous_12)
FNF:12
FNH:12
FNDA:34,(anonymous_1)
FNDA:1,(anonymous_2)
FNDA:3,(anonymous_3)
FNDA:2,(anonymous_4)
FNDA:1,(anonymous_5)
FNDA:1,(anonymous_6)
FNDA:1,(anonymous_7)
FNDA:2,(anonymous_8)
FNDA:2,(anonymous_9)
FNDA:4,(anonymous_10)
FNDA:6,(anonymous_11)
FNDA:2,(anonymous_12)
DA:1,5
DA:15,34
DA:16,34
DA:17,34
DA:26,1
DA:37,3
DA:38,3
DA:39,3
DA:40,3
DA:51,2
DA:63,1
DA:64,1
DA:65,1
DA:75,1
DA:76,1
DA:77,1
DA:78,1
DA:88,1
DA:89,1
DA:90,1
DA:91,1
DA:102,2
DA:103,2
DA:113,2
DA:114,2
DA:115,2
DA:116,2
DA:124,4
DA:134,6
DA:142,2
DA:146,5
LF:31
LH:31
BRDA:103,0,0,2
BRDA:103,0,1,2
BRF:2
BRH:2
end_of_record
