TN:
SF:src\Math\line.ts
FN:8,(anonymous_1)
FN:19,(anonymous_2)
FN:21,(anonymous_3)
FN:33,(anonymous_4)
FN:46,(anonymous_5)
FN:59,(anonymous_6)
FN:73,(anonymous_7)
FNF:7
FNH:7
FNDA:5,(anonymous_1)
FNDA:2,(anonymous_2)
FNDA:3,(anonymous_3)
FNDA:3,(anonymous_4)
FNDA:1,(anonymous_5)
FNDA:1,(anonymous_6)
FNDA:1,(anonymous_7)
DA:1,2
DA:2,2
DA:9,5
DA:10,5
DA:20,2
DA:21,2
DA:22,3
DA:24,2
DA:34,3
DA:35,3
DA:36,3
DA:37,3
DA:38,3
DA:47,1
DA:49,1
DA:51,1
DA:60,1
DA:64,1
DA:65,1
DA:66,1
DA:74,1
DA:78,2
LF:22
LH:22
BRDA:38,0,0,3
BRDA:38,0,1,2
BRDA:66,1,0,1
BRDA:66,1,1,1
BRF:4
BRH:4
end_of_record
TN:
SF:src\Math\plane.ts
FN:8,(anonymous_1)
FN:26,(anonymous_2)
FNF:2
FNH:2
FNDA:2,(anonymous_1)
FNDA:2,(anonymous_2)
DA:1,1
DA:2,1
DA:9,2
DA:10,1
DA:14,1
DA:15,1
DA:16,1
DA:27,2
DA:28,2
DA:29,2
DA:30,2
DA:34,1
LF:12
LH:12
BRDA:9,0,0,1
BRDA:9,0,1,1
BRF:2
BRH:2
end_of_record
TN:
SF:src\Math\point.ts
FN:15,(anonymous_1)
FN:27,(anonymous_2)
FN:39,(anonymous_3)
FN:47,(anonymous_4)
FN:55,(anonymous_5)
FNF:5
FNH:5
FNDA:16,(anonymous_1)
FNDA:4,(anonymous_2)
FNDA:1,(anonymous_3)
FNDA:3,(anonymous_4)
FNDA:1,(anonymous_5)
DA:1,5
DA:16,16
DA:17,16
DA:18,16
DA:28,4
DA:29,4
DA:30,4
DA:31,4
DA:40,1
DA:48,3
DA:56,1
DA:60,5
LF:12
LH:12
BRDA:16,0,0,15
BRDA:16,0,1,1
BRDA:17,1,0,15
BRDA:17,1,1,1
BRDA:18,2,0,12
BRDA:18,2,1,4
BRF:6
BRH:6
end_of_record
TN:
SF:src\Math\vector3.ts
FN:14,(anonymous_1)
FN:25,(anonymous_2)
FN:36,(anonymous_3)
FN:50,(anonymous_4)
FN:62,(anonymous_5)
FN:74,(anonymous_6)
FN:87,(anonymous_7)
FN:101,(anonymous_8)
FN:112,(anonymous_9)
FN:123,(anonymous_10)
FN:133,(anonymous_11)
FN:141,(anonymous_12)
FN:149,(anonymous_13)
FNF:13
FNH:13
FNDA:44,(anonymous_1)
FNDA:1,(anonymous_2)
FNDA:4,(anonymous_3)
FNDA:2,(anonymous_4)
FNDA:1,(anonymous_5)
FNDA:1,(anonymous_6)
FNDA:1,(anonymous_7)
FNDA:4,(anonymous_8)
FNDA:2,(anonymous_9)
FNDA:6,(anonymous_10)
FNDA:6,(anonymous_11)
FNDA:3,(anonymous_12)
FNDA:3,(anonymous_13)
DA:1,5
DA:15,44
DA:16,44
DA:17,44
DA:26,1
DA:37,4
DA:38,4
DA:39,4
DA:40,4
DA:51,2
DA:63,1
DA:64,1
DA:65,1
DA:75,1
DA:76,1
DA:77,1
DA:78,1
DA:88,1
DA:89,1
DA:90,1
DA:91,1
DA:102,4
DA:103,4
DA:113,2
DA:114,2
DA:115,2
DA:116,2
DA:124,6
DA:134,6
DA:142,3
DA:150,3
DA:154,5
LF:32
LH:32
BRDA:103,0,0,4
BRDA:103,0,1,3
BRF:2
BRH:2
end_of_record
